<?xml version="1.0" encoding="UTF-8"?>
<testng-results ignored="0" total="1" passed="1" failed="0" skipped="0">
  <reporter-output>
  </reporter-output>
  <suite started-at="2020-04-28T20:08:40 EEST" name="artifactid" finished-at="2020-04-28T20:08:42 EEST" duration-ms="1843">
    <groups>
      <group name="marketplace_tests">
        <method signature="FirstTest.logInPageTest()[pri:1, instance:FirstTest@5b7a5baa]" name="logInPageTest" class="FirstTest"/>
      </group> <!-- marketplace_tests -->
    </groups>
    <test started-at="2020-04-28T20:08:40 EEST" name="SeparateBrowserTest" finished-at="2020-04-28T20:08:42 EEST" duration-ms="1843">
      <class name="FirstTest">
        <test-method is-config="true" signature="setUp(Browsers)[pri:0, instance:FirstTest@5b7a5baa]" started-at="2020-04-28T20:08:25 EEST" name="setUp" finished-at="2020-04-28T20:08:40 EEST" duration-ms="14428" status="PASS">
          <params>
            <param index="0">
              <value>
                <![CDATA[FIREFOX]]>
              </value>
            </param>
          </params>
          <reporter-output>
          </reporter-output>
        </test-method> <!-- setUp -->
        <test-method signature="logInPageTest()[pri:1, instance:FirstTest@5b7a5baa]" started-at="2020-04-28T20:08:40 EEST" name="logInPageTest" finished-at="2020-04-28T20:08:42 EEST" duration-ms="1780" status="PASS">
          <reporter-output>
          </reporter-output>
        </test-method> <!-- logInPageTest -->
        <test-method is-config="true" signature="tearDown()[pri:0, instance:FirstTest@5b7a5baa]" started-at="2020-04-28T20:08:42 EEST" name="tearDown" finished-at="2020-04-28T20:08:44 EEST" duration-ms="2064" status="PASS">
          <reporter-output>
          </reporter-output>
        </test-method> <!-- tearDown -->
      </class> <!-- FirstTest -->
    </test> <!-- SeparateBrowserTest -->
  </suite> <!-- artifactid -->
</testng-results>
